<?xml version="1.0" encoding="UTF-8"?>
<testsuite xmlns:xsi="http://www.w3.org/2001/XMLSchema-instance" xsi:noNamespaceSchemaLocation="https://maven.apache.org/surefire/maven-surefire-plugin/xsd/surefire-test-report-3.0.xsd" version="3.0" name="guru.springframework.mssc_beer_service.MsscBeerServiceApplicationTests" time="10.635" tests="1" errors="0" skipped="0" failures="0">
  <properties>
[...]
</properties>
  <testcase name="contextLoads" classname="guru.springframework.mssc_beer_service.MsscBeerServiceApplicationTests" time="0.715">
    <system-out><![CDATA[17:17:28.542 [main] INFO org.springframework.test.context.support.AnnotationConfigContextLoaderUtils -- Could not detect default configuration classes for test class [guru.springframework.mssc_beer_service.MsscBeerServiceApplicationTests]: MsscBeerServiceApplicationTests does not declare any static, non-private, non-final, nested classes annotated with @Configuration.
17:17:28.633 [main] INFO org.springframework.boot.test.context.SpringBootTestContextBootstrapper -- Found @SpringBootConfiguration guru.springframework.mssc_beer_service.MsscBeerServiceApplication for test class guru.springframework.mssc_beer_service.MsscBeerServiceApplicationTests
17:17:28.862 [main] INFO org.springframework.boot.devtools.restart.RestartApplicationListener -- Restart disabled due to context in which it is running

  .   ____          _            __ _ _
 /\\ / ___'_ __ _ _(_)_ __  __ _ \ \ \ \
( ( )\___ | '_ | '_| | '_ \/ _` | \ \ \ \
 \\/  ___)| |_)| | | | | || (_| |  ) ) ) )
  '  |____| .__|_| |_|_| |_\__, | / / / /
 =========|_|==============|___/=/_/_/_/

 :: Spring Boot ::                (v3.3.5)

2024-11-08T17:17:29.250-05:00  INFO 18372 --- [mssc-beer-service] [           main] g.s.m.MsscBeerServiceApplicationTests    : Starting MsscBeerServiceApplicationTests using Java 21.0.5 with PID 18372 (started by Jac01 in c:\Users\Jac01\OneDrive\Documents\GitHub\mssc-beer-service)
2024-11-08T17:17:29.250-05:00 DEBUG 18372 --- [mssc-beer-service] [           main] g.s.m.MsscBeerServiceApplicationTests    : Running with Spring Boot v3.3.5, Spring v6.1.14
2024-11-08T17:17:29.251-05:00  INFO 18372 --- [mssc-beer-service] [           main] g.s.m.MsscBeerServiceApplicationTests    : The following 1 profile is active: "localmysql"
2024-11-08T17:17:30.551-05:00  INFO 18372 --- [mssc-beer-service] [           main] .s.d.r.c.RepositoryConfigurationDelegate : Bootstrapping Spring Data JPA repositories in DEFAULT mode.
2024-11-08T17:17:30.696-05:00  INFO 18372 --- [mssc-beer-service] [           main] .s.d.r.c.RepositoryConfigurationDelegate : Finished Spring Data repository scanning in 138 ms. Found 1 JPA repository interface.
2024-11-08T17:17:32.206-05:00  INFO 18372 --- [mssc-beer-service] [           main] .e.s.o.t.o.p.UpfrontAllocatingPageSource : Allocating 1MB in chunks
2024-11-08T17:17:32.233-05:00  INFO 18372 --- [mssc-beer-service] [           main] org.ehcache.core.EhcacheManager          : Cache 'beerUpcCache' created in EhcacheManager.
2024-11-08T17:17:32.237-05:00  INFO 18372 --- [mssc-beer-service] [           main] .e.s.o.t.o.p.UpfrontAllocatingPageSource : Allocating 1MB in chunks
2024-11-08T17:17:32.238-05:00  INFO 18372 --- [mssc-beer-service] [           main] org.ehcache.core.EhcacheManager          : Cache 'beerListCache' created in EhcacheManager.
2024-11-08T17:17:32.244-05:00  INFO 18372 --- [mssc-beer-service] [           main] .e.s.o.t.o.p.UpfrontAllocatingPageSource : Allocating 1MB in chunks
2024-11-08T17:17:32.246-05:00  INFO 18372 --- [mssc-beer-service] [           main] org.ehcache.core.EhcacheManager          : Cache 'beerCache' created in EhcacheManager.
2024-11-08T17:17:32.421-05:00  INFO 18372 --- [mssc-beer-service] [           main] org.ehcache.jsr107.Eh107CacheManager     : Registering Ehcache MBean javax.cache:type=CacheConfiguration,CacheManager=file./C./Users/Jac01/OneDrive/Documents/GitHub/mssc-beer-service/target/classes/ehcache.xml,Cache=beerUpcCache
2024-11-08T17:17:32.423-05:00  INFO 18372 --- [mssc-beer-service] [           main] org.ehcache.jsr107.Eh107CacheManager     : Registering Ehcache MBean javax.cache:type=CacheStatistics,CacheManager=file./C./Users/Jac01/OneDrive/Documents/GitHub/mssc-beer-service/target/classes/ehcache.xml,Cache=beerUpcCache
2024-11-08T17:17:32.424-05:00  INFO 18372 --- [mssc-beer-service] [           main] org.ehcache.jsr107.Eh107CacheManager     : Registering Ehcache MBean javax.cache:type=CacheConfiguration,CacheManager=file./C./Users/Jac01/OneDrive/Documents/GitHub/mssc-beer-service/target/classes/ehcache.xml,Cache=beerListCache
2024-11-08T17:17:32.424-05:00  INFO 18372 --- [mssc-beer-service] [           main] org.ehcache.jsr107.Eh107CacheManager     : Registering Ehcache MBean javax.cache:type=CacheStatistics,CacheManager=file./C./Users/Jac01/OneDrive/Documents/GitHub/mssc-beer-service/target/classes/ehcache.xml,Cache=beerListCache
2024-11-08T17:17:32.425-05:00  INFO 18372 --- [mssc-beer-service] [           main] org.ehcache.jsr107.Eh107CacheManager     : Registering Ehcache MBean javax.cache:type=CacheConfiguration,CacheManager=file./C./Users/Jac01/OneDrive/Documents/GitHub/mssc-beer-service/target/classes/ehcache.xml,Cache=beerCache
2024-11-08T17:17:32.425-05:00  INFO 18372 --- [mssc-beer-service] [           main] org.ehcache.jsr107.Eh107CacheManager     : Registering Ehcache MBean javax.cache:type=CacheStatistics,CacheManager=file./C./Users/Jac01/OneDrive/Documents/GitHub/mssc-beer-service/target/classes/ehcache.xml,Cache=beerCache
2024-11-08T17:17:32.655-05:00  INFO 18372 --- [mssc-beer-service] [           main] o.hibernate.jpa.internal.util.LogHelper  : HHH000204: Processing PersistenceUnitInfo [name: default]
2024-11-08T17:17:32.726-05:00  INFO 18372 --- [mssc-beer-service] [           main] org.hibernate.Version                    : HHH000412: Hibernate ORM core version 6.5.3.Final
2024-11-08T17:17:32.781-05:00  INFO 18372 --- [mssc-beer-service] [           main] o.h.c.internal.RegionFactoryInitiator    : HHH000026: Second-level cache disabled
2024-11-08T17:17:33.104-05:00  INFO 18372 --- [mssc-beer-service] [           main] o.s.o.j.p.SpringPersistenceUnitInfo      : No LoadTimeWeaver setup: ignoring JPA class transformer
2024-11-08T17:17:33.138-05:00  INFO 18372 --- [mssc-beer-service] [           main] com.zaxxer.hikari.HikariDataSource       : HikariPool-1 - Starting...
2024-11-08T17:17:33.623-05:00  INFO 18372 --- [mssc-beer-service] [           main] com.zaxxer.hikari.pool.HikariPool        : HikariPool-1 - Added connection com.mysql.cj.jdbc.ConnectionImpl@1be3a294
2024-11-08T17:17:33.626-05:00  INFO 18372 --- [mssc-beer-service] [           main] com.zaxxer.hikari.HikariDataSource       : HikariPool-1 - Start completed.
2024-11-08T17:17:33.696-05:00  WARN 18372 --- [mssc-beer-service] [           main] org.hibernate.orm.deprecation            : HHH90000025: MySQLDialect does not need to be specified explicitly using 'hibernate.dialect' (remove the property setting and it will be selected by default)
2024-11-08T17:17:33.753-05:00  WARN 18372 --- [mssc-beer-service] [           main] org.hibernate.orm.incubating             : HHH90006001: Encountered incubating setting [hibernate.type.preferred_uuid_jdbc_type].  See javadoc on corresponding `org.hibernate.cfg.AvailableSettings` constant for details.
2024-11-08T17:17:33.974-05:00  WARN 18372 --- [mssc-beer-service] [           main] org.hibernate.orm.incubating             : HHH90006001: Encountered incubating setting [hibernate.type.preferred_uuid_jdbc_type].  See javadoc on corresponding `org.hibernate.cfg.AvailableSettings` constant for details.
2024-11-08T17:17:34.594-05:00  INFO 18372 --- [mssc-beer-service] [           main] o.h.e.t.j.p.i.JtaPlatformInitiator       : HHH000489: No JTA platform available (set 'hibernate.transaction.jta.platform' to enable JTA platform integration)
2024-11-08T17:17:34.657-05:00  INFO 18372 --- [mssc-beer-service] [           main] j.LocalContainerEntityManagerFactoryBean : Initialized JPA EntityManagerFactory for persistence unit 'default'
2024-11-08T17:17:36.089-05:00  WARN 18372 --- [mssc-beer-service] [           main] JpaBaseConfiguration$JpaWebConfiguration : spring.jpa.open-in-view is enabled by default. Therefore, database queries may be performed during view rendering. Explicitly configure spring.jpa.open-in-view to disable this warning
2024-11-08T17:17:37.205-05:00  INFO 18372 --- [mssc-beer-service] [           main] o.s.b.a.e.web.EndpointLinksResolver      : Exposing 1 endpoint beneath base path '/actuator'
2024-11-08T17:17:37.703-05:00  INFO 18372 --- [mssc-beer-service] [           main] g.s.m.MsscBeerServiceApplicationTests    : Started MsscBeerServiceApplicationTests in 8.856 seconds (process running for 10.086)
Hibernate: select b1_0.id,b1_0.beer_name,b1_0.beer_style,b1_0.created_date,b1_0.last_modified_date,b1_0.min_on_hand,b1_0.price,b1_0.quantity_to_brew,b1_0.upc,b1_0.version from beer b1_0
2024-11-08T17:17:37.987-05:00 DEBUG 18372 --- [mssc-beer-service] [   scheduling-1] s.i.BeerInventoryServiceRestTemplateImpl : Calling Inventory Service
2024-11-08T17:17:38.050-05:00 ERROR 18372 --- [mssc-beer-service] [   scheduling-1] o.s.s.s.TaskUtils$LoggingErrorHandler    : Unexpected error occurred in scheduled task

org.springframework.web.client.ResourceAccessException: I/O error on GET request for "http://localhost:8082/api/v1/beer/3d80c532-2e76-43a3-9366-f356eba6731a/inventory": Connection refused: connect
	at org.springframework.web.client.RestTemplate.createResourceAccessException(RestTemplate.java:915) ~[spring-web-6.1.14.jar:6.1.14]
	at org.springframework.web.client.RestTemplate.doExecute(RestTemplate.java:895) ~[spring-web-6.1.14.jar:6.1.14]
	at org.springframework.web.client.RestTemplate.execute(RestTemplate.java:790) ~[spring-web-6.1.14.jar:6.1.14]
	at org.springframework.web.client.RestTemplate.exchange(RestTemplate.java:701) ~[spring-web-6.1.14.jar:6.1.14]
	at guru.springframework.mssc_beer_service.services.inventory.BeerInventoryServiceRestTemplateImpl.getOnHandInventory(BeerInventoryServiceRestTemplateImpl.java:42) ~[classes/:na]
	at guru.springframework.mssc_beer_service.services.brewing.BrewingService.lambda$checkForLowInventory$0(BrewingService.java:33) ~[classes/:na]
	at java.base/java.util.ArrayList.forEach(ArrayList.java:1596) ~[na:na]
	at guru.springframework.mssc_beer_service.services.brewing.BrewingService.checkForLowInventory(BrewingService.java:32) ~[classes/:na]
	at java.base/jdk.internal.reflect.DirectMethodHandleAccessor.invoke(DirectMethodHandleAccessor.java:103) ~[na:na]
	at java.base/java.lang.reflect.Method.invoke(Method.java:580) ~[na:na]
	at org.springframework.scheduling.support.ScheduledMethodRunnable.runInternal(ScheduledMethodRunnable.java:130) ~[spring-context-6.1.14.jar:6.1.14]
	at org.springframework.scheduling.support.ScheduledMethodRunnable.lambda$run$2(ScheduledMethodRunnable.java:124) ~[spring-context-6.1.14.jar:6.1.14]
	at io.micrometer.observation.Observation.observe(Observation.java:499) ~[micrometer-observation-1.13.6.jar:1.13.6]
	at org.springframework.scheduling.support.ScheduledMethodRunnable.run(ScheduledMethodRunnable.java:124) ~[spring-context-6.1.14.jar:6.1.14]
	at org.springframework.scheduling.support.DelegatingErrorHandlingRunnable.run(DelegatingErrorHandlingRunnable.java:54) ~[spring-context-6.1.14.jar:6.1.14]
	at java.base/java.util.concurrent.Executors$RunnableAdapter.call(Executors.java:572) ~[na:na]
	at java.base/java.util.concurrent.FutureTask.runAndReset(FutureTask.java:358) ~[na:na]
	at java.base/java.util.concurrent.ScheduledThreadPoolExecutor$ScheduledFutureTask.run(ScheduledThreadPoolExecutor.java:305) ~[na:na]
	at java.base/java.util.concurrent.ThreadPoolExecutor.runWorker(ThreadPoolExecutor.java:1144) ~[na:na]
	at java.base/java.util.concurrent.ThreadPoolExecutor$Worker.run(ThreadPoolExecutor.java:642) ~[na:na]
	at java.base/java.lang.Thread.run(Thread.java:1583) ~[na:na]
Caused by: java.net.ConnectException: Connection refused: connect
	at java.base/sun.nio.ch.Net.connect0(Native Method) ~[na:na]
	at java.base/sun.nio.ch.Net.connect(Net.java:589) ~[na:na]
	at java.base/sun.nio.ch.Net.connect(Net.java:578) ~[na:na]
	at java.base/sun.nio.ch.NioSocketImpl.connect(NioSocketImpl.java:583) ~[na:na]
	at java.base/java.net.Socket.connect(Socket.java:751) ~[na:na]
	at java.base/java.net.Socket.connect(Socket.java:686) ~[na:na]
	at java.base/sun.net.NetworkClient.doConnect(NetworkClient.java:183) ~[na:na]
	at java.base/sun.net.www.http.HttpClient.openServer(HttpClient.java:531) ~[na:na]
	at java.base/sun.net.www.http.HttpClient.openServer(HttpClient.java:636) ~[na:na]
	at java.base/sun.net.www.http.HttpClient.<init>(HttpClient.java:280) ~[na:na]
	at java.base/sun.net.www.http.HttpClient.New(HttpClient.java:386) ~[na:na]
	at java.base/sun.net.www.http.HttpClient.New(HttpClient.java:408) ~[na:na]
	at java.base/sun.net.www.protocol.http.HttpURLConnection.getNewHttpClient(HttpURLConnection.java:1319) ~[na:na]
	at java.base/sun.net.www.protocol.http.HttpURLConnection.plainConnect0(HttpURLConnection.java:1252) ~[na:na]
	at java.base/sun.net.www.protocol.http.HttpURLConnection.plainConnect(HttpURLConnection.java:1138) ~[na:na]
	at java.base/sun.net.www.protocol.http.HttpURLConnection.connect(HttpURLConnection.java:1067) ~[na:na]
	at org.springframework.http.client.SimpleClientHttpRequest.executeInternal(SimpleClientHttpRequest.java:79) ~[spring-web-6.1.14.jar:6.1.14]
	at org.springframework.http.client.AbstractStreamingClientHttpRequest.executeInternal(AbstractStreamingClientHttpRequest.java:70) ~[spring-web-6.1.14.jar:6.1.14]
	at org.springframework.http.client.AbstractClientHttpRequest.execute(AbstractClientHttpRequest.java:66) ~[spring-web-6.1.14.jar:6.1.14]
	at org.springframework.web.client.RestTemplate.doExecute(RestTemplate.java:889) ~[spring-web-6.1.14.jar:6.1.14]
	... 19 common frames omitted

Hibernate: select count(*) from beer b1_0
Hibernate: select count(*) from beer b1_0
Nbr beers in BD: 3
]]></system-out>
    <system-err><![CDATA[WARNING: A Java agent has been loaded dynamically (C:\Users\Jac01\.m2\repository\net\bytebuddy\byte-buddy-agent\1.14.19\byte-buddy-agent-1.14.19.jar)
WARNING: If a serviceability tool is in use, please run with -XX:+EnableDynamicAgentLoading to hide this warning
WARNING: If a serviceability tool is not in use, please run with -Djdk.instrument.traceUsage for more information
WARNING: Dynamic loading of agents will be disallowed by default in a future release
]]></system-err>
  </testcase>
</testsuite>