<?xml version="1.0" encoding="UTF-8"?>
<testsuite xmlns:xsi="http://www.w3.org/2001/XMLSchema-instance" xsi:noNamespaceSchemaLocation="https://maven.apache.org/surefire/maven-surefire-plugin/xsd/surefire-test-report-3.0.xsd" version="3.0" name="guru.springframework.mssc_beer_service.MsscBeerServiceApplicationTests" time="10.813" tests="1" errors="0" skipped="0" failures="0">
  <properties>
[...]
</properties>
  <testcase name="contextLoads" classname="guru.springframework.mssc_beer_service.MsscBeerServiceApplicationTests" time="0.996">
    <system-out><![CDATA[17:00:51.592 [main] INFO org.springframework.test.context.support.AnnotationConfigContextLoaderUtils -- Could not detect default configuration classes for test class [guru.springframework.mssc_beer_service.MsscBeerServiceApplicationTests]: MsscBeerServiceApplicationTests does not declare any static, non-private, non-final, nested classes annotated with @Configuration.
17:00:51.698 [main] INFO org.springframework.boot.test.context.SpringBootTestContextBootstrapper -- Found @SpringBootConfiguration guru.springframework.mssc_beer_service.MsscBeerServiceApplication for test class guru.springframework.mssc_beer_service.MsscBeerServiceApplicationTests
17:00:51.879 [main] INFO org.springframework.boot.devtools.restart.RestartApplicationListener -- Restart disabled due to context in which it is running

  .   ____          _            __ _ _
 /\\ / ___'_ __ _ _(_)_ __  __ _ \ \ \ \
( ( )\___ | '_ | '_| | '_ \/ _` | \ \ \ \
 \\/  ___)| |_)| | | | | || (_| |  ) ) ) )
  '  |____| .__|_| |_|_| |_\__, | / / / /
 =========|_|==============|___/=/_/_/_/

 :: Spring Boot ::                (v3.3.4)

2024-10-16T17:00:52.205-04:00  INFO 18092 --- [mssc-beer-service] [           main] g.s.m.MsscBeerServiceApplicationTests    : Starting MsscBeerServiceApplicationTests using Java 21.0.4 with PID 18092 (started by Jac01 in c:\Users\Jac01\OneDrive\Documents\GitHub\mssc-beer-service)
2024-10-16T17:00:52.206-04:00 DEBUG 18092 --- [mssc-beer-service] [           main] g.s.m.MsscBeerServiceApplicationTests    : Running with Spring Boot v3.3.4, Spring v6.1.13
2024-10-16T17:00:52.207-04:00  INFO 18092 --- [mssc-beer-service] [           main] g.s.m.MsscBeerServiceApplicationTests    : The following 1 profile is active: "localmysql"
2024-10-16T17:00:53.513-04:00  INFO 18092 --- [mssc-beer-service] [           main] .s.d.r.c.RepositoryConfigurationDelegate : Bootstrapping Spring Data JPA repositories in DEFAULT mode.
2024-10-16T17:00:53.565-04:00  INFO 18092 --- [mssc-beer-service] [           main] .s.d.r.c.RepositoryConfigurationDelegate : Finished Spring Data repository scanning in 45 ms. Found 1 JPA repository interface.
2024-10-16T17:00:54.876-04:00  INFO 18092 --- [mssc-beer-service] [           main] .e.s.o.t.o.p.UpfrontAllocatingPageSource : Allocating 1MB in chunks
2024-10-16T17:00:54.903-04:00  INFO 18092 --- [mssc-beer-service] [           main] org.ehcache.core.EhcacheManager          : Cache 'beerUpcCache' created in EhcacheManager.
2024-10-16T17:00:54.911-04:00  INFO 18092 --- [mssc-beer-service] [           main] .e.s.o.t.o.p.UpfrontAllocatingPageSource : Allocating 1MB in chunks
2024-10-16T17:00:54.913-04:00  INFO 18092 --- [mssc-beer-service] [           main] org.ehcache.core.EhcacheManager          : Cache 'beerListCache' created in EhcacheManager.
2024-10-16T17:00:54.920-04:00  INFO 18092 --- [mssc-beer-service] [           main] .e.s.o.t.o.p.UpfrontAllocatingPageSource : Allocating 1MB in chunks
2024-10-16T17:00:54.923-04:00  INFO 18092 --- [mssc-beer-service] [           main] org.ehcache.core.EhcacheManager          : Cache 'beerCache' created in EhcacheManager.
2024-10-16T17:00:55.093-04:00  INFO 18092 --- [mssc-beer-service] [           main] org.ehcache.jsr107.Eh107CacheManager     : Registering Ehcache MBean javax.cache:type=CacheConfiguration,CacheManager=file./C./Users/Jac01/OneDrive/Documents/GitHub/mssc-beer-service/target/classes/ehcache.xml,Cache=beerUpcCache
2024-10-16T17:00:55.096-04:00  INFO 18092 --- [mssc-beer-service] [           main] org.ehcache.jsr107.Eh107CacheManager     : Registering Ehcache MBean javax.cache:type=CacheStatistics,CacheManager=file./C./Users/Jac01/OneDrive/Documents/GitHub/mssc-beer-service/target/classes/ehcache.xml,Cache=beerUpcCache
2024-10-16T17:00:55.097-04:00  INFO 18092 --- [mssc-beer-service] [           main] org.ehcache.jsr107.Eh107CacheManager     : Registering Ehcache MBean javax.cache:type=CacheConfiguration,CacheManager=file./C./Users/Jac01/OneDrive/Documents/GitHub/mssc-beer-service/target/classes/ehcache.xml,Cache=beerListCache
2024-10-16T17:00:55.098-04:00  INFO 18092 --- [mssc-beer-service] [           main] org.ehcache.jsr107.Eh107CacheManager     : Registering Ehcache MBean javax.cache:type=CacheStatistics,CacheManager=file./C./Users/Jac01/OneDrive/Documents/GitHub/mssc-beer-service/target/classes/ehcache.xml,Cache=beerListCache
2024-10-16T17:00:55.099-04:00  INFO 18092 --- [mssc-beer-service] [           main] org.ehcache.jsr107.Eh107CacheManager     : Registering Ehcache MBean javax.cache:type=CacheConfiguration,CacheManager=file./C./Users/Jac01/OneDrive/Documents/GitHub/mssc-beer-service/target/classes/ehcache.xml,Cache=beerCache
2024-10-16T17:00:55.099-04:00  INFO 18092 --- [mssc-beer-service] [           main] org.ehcache.jsr107.Eh107CacheManager     : Registering Ehcache MBean javax.cache:type=CacheStatistics,CacheManager=file./C./Users/Jac01/OneDrive/Documents/GitHub/mssc-beer-service/target/classes/ehcache.xml,Cache=beerCache
2024-10-16T17:00:55.333-04:00  INFO 18092 --- [mssc-beer-service] [           main] o.hibernate.jpa.internal.util.LogHelper  : HHH000204: Processing PersistenceUnitInfo [name: default]
2024-10-16T17:00:55.398-04:00  INFO 18092 --- [mssc-beer-service] [           main] org.hibernate.Version                    : HHH000412: Hibernate ORM core version 6.5.3.Final
2024-10-16T17:00:55.450-04:00  INFO 18092 --- [mssc-beer-service] [           main] o.h.c.internal.RegionFactoryInitiator    : HHH000026: Second-level cache disabled
2024-10-16T17:00:55.753-04:00  INFO 18092 --- [mssc-beer-service] [           main] o.s.o.j.p.SpringPersistenceUnitInfo      : No LoadTimeWeaver setup: ignoring JPA class transformer
2024-10-16T17:00:55.777-04:00  INFO 18092 --- [mssc-beer-service] [           main] com.zaxxer.hikari.HikariDataSource       : HikariPool-1 - Starting...
2024-10-16T17:00:56.100-04:00  INFO 18092 --- [mssc-beer-service] [           main] com.zaxxer.hikari.pool.HikariPool        : HikariPool-1 - Added connection com.mysql.cj.jdbc.ConnectionImpl@519e67e
2024-10-16T17:00:56.102-04:00  INFO 18092 --- [mssc-beer-service] [           main] com.zaxxer.hikari.HikariDataSource       : HikariPool-1 - Start completed.
2024-10-16T17:00:56.151-04:00  WARN 18092 --- [mssc-beer-service] [           main] org.hibernate.orm.deprecation            : HHH90000025: MySQLDialect does not need to be specified explicitly using 'hibernate.dialect' (remove the property setting and it will be selected by default)
2024-10-16T17:00:56.183-04:00  WARN 18092 --- [mssc-beer-service] [           main] org.hibernate.orm.incubating             : HHH90006001: Encountered incubating setting [hibernate.type.preferred_uuid_jdbc_type].  See javadoc on corresponding `org.hibernate.cfg.AvailableSettings` constant for details.
2024-10-16T17:00:56.357-04:00  WARN 18092 --- [mssc-beer-service] [           main] org.hibernate.orm.incubating             : HHH90006001: Encountered incubating setting [hibernate.type.preferred_uuid_jdbc_type].  See javadoc on corresponding `org.hibernate.cfg.AvailableSettings` constant for details.
2024-10-16T17:00:56.870-04:00  INFO 18092 --- [mssc-beer-service] [           main] o.h.e.t.j.p.i.JtaPlatformInitiator       : HHH000489: No JTA platform available (set 'hibernate.transaction.jta.platform' to enable JTA platform integration)
2024-10-16T17:00:56.920-04:00  INFO 18092 --- [mssc-beer-service] [           main] j.LocalContainerEntityManagerFactoryBean : Initialized JPA EntityManagerFactory for persistence unit 'default'
2024-10-16T17:00:58.426-04:00  WARN 18092 --- [mssc-beer-service] [           main] JpaBaseConfiguration$JpaWebConfiguration : spring.jpa.open-in-view is enabled by default. Therefore, database queries may be performed during view rendering. Explicitly configure spring.jpa.open-in-view to disable this warning
2024-10-16T17:00:59.569-04:00  INFO 18092 --- [mssc-beer-service] [           main] o.s.b.a.e.web.EndpointLinksResolver      : Exposing 1 endpoint beneath base path '/actuator'
2024-10-16T17:01:00.328-04:00  INFO 18092 --- [mssc-beer-service] [           main] g.s.m.MsscBeerServiceApplicationTests    : Started MsscBeerServiceApplicationTests in 8.462 seconds (process running for 9.69)
Hibernate: select b1_0.id,b1_0.beer_name,b1_0.beer_style,b1_0.created_date,b1_0.last_modified_date,b1_0.min_on_hand,b1_0.price,b1_0.quantity_to_brew,b1_0.upc,b1_0.version from beer b1_0
2024-10-16T17:01:00.738-04:00 DEBUG 18092 --- [mssc-beer-service] [   scheduling-1] s.i.BeerInventoryServiceRestTemplateImpl : Calling Inventory Service
2024-10-16T17:01:01.106-04:00 DEBUG 18092 --- [mssc-beer-service] [   scheduling-1] g.s.m.services.brewing.BrewingService    : Min Onhand is: 12
2024-10-16T17:01:01.107-04:00 DEBUG 18092 --- [mssc-beer-service] [   scheduling-1] g.s.m.services.brewing.BrewingService    : Inventory is: 0
Hibernate: select count(*) from beer b1_0
Hibernate: select count(*) from beer b1_0
Nbr beers in BD: 3
2024-10-16T17:01:01.330-04:00 ERROR 18092 --- [mssc-beer-service] [   scheduling-1] o.s.s.s.TaskUtils$LoggingErrorHandler    : Unexpected error occurred in scheduled task

org.springframework.jms.support.converter.MessageConversionException: Could not map JSON object [BeerEvent(beerDto=BeerDto(id=3d80c532-2e76-43a3-9366-f356eba6731a, version=1, createdDate=2024-09-30T17:21:43.791381Z, lastModifiedDate=2024-09-30T17:21:43.791381Z, beerName=Pinball Porter, beerStyle=PORTER, upc=0083783375213, price=10.95, quantityOnHand=null))]
	at org.springframework.jms.support.converter.MappingJackson2MessageConverter.toMessage(MappingJackson2MessageConverter.java:203) ~[spring-jms-6.1.13.jar:6.1.13]
	at org.springframework.jms.core.JmsTemplate.lambda$convertAndSend$5(JmsTemplate.java:687) ~[spring-jms-6.1.13.jar:6.1.13]
	at org.springframework.jms.core.JmsTemplate.doSend(JmsTemplate.java:630) ~[spring-jms-6.1.13.jar:6.1.13]
	at org.springframework.jms.core.JmsTemplate.lambda$send$3(JmsTemplate.java:612) ~[spring-jms-6.1.13.jar:6.1.13]
	at org.springframework.jms.core.JmsTemplate.execute(JmsTemplate.java:530) ~[spring-jms-6.1.13.jar:6.1.13]
	at org.springframework.jms.core.JmsTemplate.send(JmsTemplate.java:610) ~[spring-jms-6.1.13.jar:6.1.13]
	at org.springframework.jms.core.JmsTemplate.convertAndSend(JmsTemplate.java:687) ~[spring-jms-6.1.13.jar:6.1.13]
	at guru.springframework.mssc_beer_service.services.brewing.BrewingService.lambda$checkForLowInventory$0(BrewingService.java:39) ~[classes/:na]
	at java.base/java.util.ArrayList.forEach(ArrayList.java:1596) ~[na:na]
	at guru.springframework.mssc_beer_service.services.brewing.BrewingService.checkForLowInventory(BrewingService.java:32) ~[classes/:na]
	at java.base/jdk.internal.reflect.DirectMethodHandleAccessor.invoke(DirectMethodHandleAccessor.java:103) ~[na:na]
	at java.base/java.lang.reflect.Method.invoke(Method.java:580) ~[na:na]
	at org.springframework.scheduling.support.ScheduledMethodRunnable.runInternal(ScheduledMethodRunnable.java:130) ~[spring-context-6.1.13.jar:6.1.13]
	at org.springframework.scheduling.support.ScheduledMethodRunnable.lambda$run$2(ScheduledMethodRunnable.java:124) ~[spring-context-6.1.13.jar:6.1.13]
	at io.micrometer.observation.Observation.observe(Observation.java:499) ~[micrometer-observation-1.13.4.jar:1.13.4]
	at org.springframework.scheduling.support.ScheduledMethodRunnable.run(ScheduledMethodRunnable.java:124) ~[spring-context-6.1.13.jar:6.1.13]
	at org.springframework.scheduling.support.DelegatingErrorHandlingRunnable.run(DelegatingErrorHandlingRunnable.java:54) ~[spring-context-6.1.13.jar:6.1.13]
	at java.base/java.util.concurrent.Executors$RunnableAdapter.call(Executors.java:572) ~[na:na]
	at java.base/java.util.concurrent.FutureTask.runAndReset(FutureTask.java:358) ~[na:na]
	at java.base/java.util.concurrent.ScheduledThreadPoolExecutor$ScheduledFutureTask.run(ScheduledThreadPoolExecutor.java:305) ~[na:na]
	at java.base/java.util.concurrent.ThreadPoolExecutor.runWorker(ThreadPoolExecutor.java:1144) ~[na:na]
	at java.base/java.util.concurrent.ThreadPoolExecutor$Worker.run(ThreadPoolExecutor.java:642) ~[na:na]
	at java.base/java.lang.Thread.run(Thread.java:1583) ~[na:na]
Caused by: com.fasterxml.jackson.databind.exc.InvalidDefinitionException: Java 8 date/time type `java.time.OffsetDateTime` not supported by default: add Module "com.fasterxml.jackson.datatype:jackson-datatype-jsr310" to enable handling (through reference chain: guru.springframework.mssc_beer_service.events.BrewBeerEvent["beerDto"]->guru.springframework.mssc_beer_service.web.model.BeerDto["createdDate"])
	at com.fasterxml.jackson.databind.exc.InvalidDefinitionException.from(InvalidDefinitionException.java:77) ~[jackson-databind-2.17.2.jar:2.17.2]
	at com.fasterxml.jackson.databind.SerializerProvider.reportBadDefinition(SerializerProvider.java:1330) ~[jackson-databind-2.17.2.jar:2.17.2]
	at com.fasterxml.jackson.databind.ser.impl.UnsupportedTypeSerializer.serialize(UnsupportedTypeSerializer.java:35) ~[jackson-databind-2.17.2.jar:2.17.2]
	at com.fasterxml.jackson.databind.ser.BeanPropertyWriter.serializeAsField(BeanPropertyWriter.java:732) ~[jackson-databind-2.17.2.jar:2.17.2]
	at com.fasterxml.jackson.databind.ser.std.BeanSerializerBase.serializeFields(BeanSerializerBase.java:770) ~[jackson-databind-2.17.2.jar:2.17.2]
	at com.fasterxml.jackson.databind.ser.BeanSerializer.serialize(BeanSerializer.java:183) ~[jackson-databind-2.17.2.jar:2.17.2]
	at com.fasterxml.jackson.databind.ser.BeanPropertyWriter.serializeAsField(BeanPropertyWriter.java:732) ~[jackson-databind-2.17.2.jar:2.17.2]
	at com.fasterxml.jackson.databind.ser.std.BeanSerializerBase.serializeFields(BeanSerializerBase.java:770) ~[jackson-databind-2.17.2.jar:2.17.2]
	at com.fasterxml.jackson.databind.ser.BeanSerializer.serialize(BeanSerializer.java:183) ~[jackson-databind-2.17.2.jar:2.17.2]
	at com.fasterxml.jackson.databind.ser.DefaultSerializerProvider._serialize(DefaultSerializerProvider.java:502) ~[jackson-databind-2.17.2.jar:2.17.2]
	at com.fasterxml.jackson.databind.ser.DefaultSerializerProvider.serializeValue(DefaultSerializerProvider.java:341) ~[jackson-databind-2.17.2.jar:2.17.2]
	at com.fasterxml.jackson.databind.ObjectWriter$Prefetch.serialize(ObjectWriter.java:1574) ~[jackson-databind-2.17.2.jar:2.17.2]
	at com.fasterxml.jackson.databind.ObjectWriter._writeValueAndClose(ObjectWriter.java:1275) ~[jackson-databind-2.17.2.jar:2.17.2]
	at com.fasterxml.jackson.databind.ObjectWriter.writeValue(ObjectWriter.java:1114) ~[jackson-databind-2.17.2.jar:2.17.2]
	at org.springframework.jms.support.converter.MappingJackson2MessageConverter.mapToTextMessage(MappingJackson2MessageConverter.java:283) ~[spring-jms-6.1.13.jar:6.1.13]
	at org.springframework.jms.support.converter.MappingJackson2MessageConverter.toMessage(MappingJackson2MessageConverter.java:197) ~[spring-jms-6.1.13.jar:6.1.13]
	... 22 common frames omitted

]]></system-out>
    <system-err><![CDATA[WARNING: A Java agent has been loaded dynamically (C:\Users\Jac01\.m2\repository\net\bytebuddy\byte-buddy-agent\1.14.19\byte-buddy-agent-1.14.19.jar)
WARNING: If a serviceability tool is in use, please run with -XX:+EnableDynamicAgentLoading to hide this warning
WARNING: If a serviceability tool is not in use, please run with -Djdk.instrument.traceUsage for more information
WARNING: Dynamic loading of agents will be disallowed by default in a future release
]]></system-err>
  </testcase>
</testsuite>